1565893113849	geckodriver	INFO	geckodriver 0.21.0
1565893113856	geckodriver	INFO	Listening on 127.0.0.1:54659
1565893114370	mozrunner::runner	INFO	Running command: "C:\\Program Files\\Mozilla Firefox\\firefox.exe" "-marionette" "-foreground" "-no-remote" "-profile" "C:\\Users\\JOSE~1.BAR\\AppData\\Local\\Temp\\rust_mozprofile.RIUfzixp5XyP"
1565893114700	addons.webextension.screenshots@mozilla.org	WARN	Loading extension 'screenshots@mozilla.org': Reading manifest: Invalid extension permission: mozillaAddons
1565893114700	addons.webextension.screenshots@mozilla.org	WARN	Loading extension 'screenshots@mozilla.org': Reading manifest: Invalid extension permission: resource://pdf.js/
1565893114701	addons.webextension.screenshots@mozilla.org	WARN	Loading extension 'screenshots@mozilla.org': Reading manifest: Invalid extension permission: about:reader*
1565893114791	Marionette	TRACE	Received observer notification profile-after-change
1565893114845	Marionette	TRACE	Received observer notification toplevel-window-ready
1565893114884	Marionette	TRACE	Received observer notification command-line-startup
1565893114884	Marionette	TRACE	Received observer notification nsPref:changed
1565893114884	Marionette	DEBUG	Init aborted (running=false, enabled=true, finalUIStartup=false)
1565893115002	Marionette	TRACE	Received observer notification toplevel-window-ready
1565893115911	Marionette	TRACE	Received observer notification marionette-startup-requested
1565893115911	Marionette	TRACE	Waiting until startup recorder finished recording startup scripts...
1565893115914	Marionette	TRACE	All scripts recorded.
1565893115914	Marionette	DEBUG	Setting recommended pref app.update.disabledForTesting to true
1565893115914	Marionette	DEBUG	Setting recommended pref apz.content_response_timeout to 60000
1565893115915	Marionette	DEBUG	Setting recommended pref browser.contentblocking.introCount to 99
1565893115915	Marionette	DEBUG	Setting recommended pref browser.download.panel.shown to true
1565893115915	Marionette	DEBUG	Setting recommended pref browser.newtabpage.enabled to false
1565893115916	Marionette	DEBUG	Setting recommended pref browser.pagethumbnails.capturing_disabled to true
1565893115917	Marionette	DEBUG	Setting recommended pref browser.search.update to false
1565893115917	Marionette	DEBUG	Setting recommended pref browser.tabs.disableBackgroundZombification to false
1565893115917	Marionette	DEBUG	Setting recommended pref browser.tabs.warnOnCloseOtherTabs to false
1565893115918	Marionette	DEBUG	Setting recommended pref browser.tabs.warnOnOpen to false
1565893115918	Marionette	DEBUG	Setting recommended pref browser.usedOnWindows10.introURL to 
1565893115918	Marionette	DEBUG	Setting recommended pref browser.urlbar.suggest.searches to false
1565893115919	Marionette	DEBUG	Setting recommended pref datareporting.policy.dataSubmissionPolicyAccepted to false
1565893115919	Marionette	DEBUG	Setting recommended pref dom.disable_beforeunload to true
1565893115919	Marionette	DEBUG	Setting recommended pref dom.disable_open_during_load to false
1565893115919	Marionette	DEBUG	Setting recommended pref dom.file.createInChild to true
1565893115919	Marionette	DEBUG	Setting recommended pref dom.max_chrome_script_run_time to 0
1565893115919	Marionette	DEBUG	Setting recommended pref dom.max_script_run_time to 0
1565893115920	Marionette	DEBUG	Setting recommended pref extensions.getAddons.cache.enabled to false
1565893115920	Marionette	DEBUG	Setting recommended pref extensions.webservice.discoverURL to http://%(server)s/dummy/discoveryURL
1565893115920	Marionette	DEBUG	Setting recommended pref network.http.prompt-temp-redirect to false
1565893115920	Marionette	DEBUG	Setting recommended pref network.http.speculative-parallel-limit to 0
1565893115920	Marionette	DEBUG	Setting recommended pref security.certerrors.mitm.priming.enabled to false
1565893115920	Marionette	DEBUG	Setting recommended pref security.fileuri.strict_origin_policy to false
1565893115920	Marionette	DEBUG	Setting recommended pref security.notification_enable_delay to 0
1565893115921	Marionette	DEBUG	Setting recommended pref signon.autofillForms to false
1565893115921	Marionette	DEBUG	Setting recommended pref signon.rememberSignons to false
1565893115921	Marionette	DEBUG	Setting recommended pref toolkit.cosmeticAnimations.enabled to false
1565893115955	Marionette	INFO	Listening on port 54665
1565893115955	Marionette	DEBUG	Remote service is active
1565893115977	Marionette	DEBUG	Accepted connection 0 from 127.0.0.1:54683
1565893115978	Marionette	DEBUG	0 -> [0,1,"WebDriver:NewSession",{"acceptInsecureCerts":true,"browserName":"firefox","capabilities":{"desiredCapabilities":{"acceptInsecureCerts":true,"browserName":"firefox"}}}]
1565893115978	Marionette	WARN	TLS certificate errors will be ignored for this session
1565893115999	Marionette	TRACE	[6442450945] Frame script loaded
1565893116000	Marionette	TRACE	[6442450945] Frame script registered
1565893116001	Marionette	DEBUG	0 <- [1,1,null,{"sessionId":"b5349c5f-397a-4343-90e5-54a93d5155bc","capabilities":{"browserName":"firefox","browserVersion":"67.0" ... alse,"moz:webdriverClick":true,"capabilities":{"desiredCapabilities":{"acceptInsecureCerts":true,"browserName":"firefox"}}}}]
1565893116014	Marionette	DEBUG	0 -> [0,2,"WebDriver:Navigate",{"url":"http://www.python.org"}]
1565893116020	Marionette	TRACE	[6442450945] Received DOM event beforeunload for about:blank
1565893117638	Marionette	TRACE	Received observer notification common-dialog-loaded
1565893117642	Marionette	DEBUG	0 <- [1,2,null,{"value":null}]
1565893117652	Marionette	DEBUG	0 -> [0,3,"WebDriver:GetTitle",{}]
1565893117661	Marionette	TRACE	Received DOM event DOMModalDialogClosed for [object ChromeWindow]
1565893117665	Marionette	DEBUG	0 <- [1,3,{"error":"unexpected alert open","message":"Dismissed user prompt dialog: O proxy moz-proxy://10.0.220.11:3128 está soli ... ette/content/error.js:462:5\nGeckoDriver.prototype._handleUserPrompts@chrome://marionette/content/driver.js:3279:13\n"},null]
1565893117713	Marionette	DEBUG	Closed connection 0
[Parent 33544, Gecko_IOThread] WARNING: pipe error: 109: file z:/task_1558035249/build/src/ipc/chromium/src/chrome/common/ipc_channel_win.cc, line 341
[Child 7576, Chrome_ChildThread] WARNING: pipe error: 109: file z:/task_1558035249/build/src/ipc/chromium/src/chrome/common/ipc_channel_win.cc, line 341
[Child 7576, Chrome_ChildThread] WARNING: pipe error: 109: file z:/task_1558035249/build/src/ipc/chromium/src/chrome/common/ipc_channel_win.cc, line 341
[Parent 33544, Gecko_IOThread] WARNING: pipe error: 109: file z:/task_1558035249/build/src/ipc/chromium/src/chrome/common/ipc_channel_win.cc, line 341
[Child 37324, Chrome_ChildThread] WARNING: pipe error: 109: file z:/task_1558035249/build/src/ipc/chromium/src/chrome/common/ipc_channel_win.cc, line 341
[Child 37324, Chrome_ChildThread] WARNING: pipe error: 109: file z:/task_1558035249/build/src/ipc/chromium/src/chrome/common/ipc_channel_win.cc, line 341
[Parent 33544, Gecko_IOThread] WARNING: pipe error: 109: file z:/task_1558035249/build/src/ipc/chromium/src/chrome/common/ipc_channel_win.cc, line 341
[Child 40712, Chrome_ChildThread] WARNING: pipe error: 109: file z:/task_1558035249/build/src/ipc/chromium/src/chrome/common/ipc_channel_win.cc, line 341
[Child 40712, Chrome_ChildThread] WARNING: pipe error: 109: file z:/task_1558035249/build/src/ipc/chromium/src/chrome/common/ipc_channel_win.cc, line 341
1565893120124	Marionette	TRACE	Received observer notification xpcom-will-shutdown
1565893120124	Marionette	DEBUG	Resetting recommended pref app.update.disabledForTesting
1565893120124	Marionette	DEBUG	Resetting recommended pref apz.content_response_timeout
1565893120124	Marionette	DEBUG	Resetting recommended pref browser.contentblocking.introCount
1565893120124	Marionette	DEBUG	Resetting recommended pref browser.download.panel.shown
1565893120124	Marionette	DEBUG	Resetting recommended pref browser.newtabpage.enabled
1565893120124	Marionette	DEBUG	Resetting recommended pref browser.pagethumbnails.capturing_disabled
1565893120124	Marionette	DEBUG	Resetting recommended pref browser.search.update
1565893120124	Marionette	DEBUG	Resetting recommended pref browser.tabs.disableBackgroundZombification
1565893120125	Marionette	DEBUG	Resetting recommended pref browser.tabs.warnOnCloseOtherTabs
1565893120125	Marionette	DEBUG	Resetting recommended pref browser.tabs.warnOnOpen
1565893120125	Marionette	DEBUG	Resetting recommended pref browser.usedOnWindows10.introURL
1565893120125	Marionette	DEBUG	Resetting recommended pref browser.urlbar.suggest.searches
1565893120125	Marionette	DEBUG	Resetting recommended pref datareporting.policy.dataSubmissionPolicyAccepted
1565893120125	Marionette	DEBUG	Resetting recommended pref dom.disable_beforeunload
1565893120125	Marionette	DEBUG	Resetting recommended pref dom.disable_open_during_load
1565893120125	Marionette	DEBUG	Resetting recommended pref dom.file.createInChild
1565893120126	Marionette	DEBUG	Resetting recommended pref dom.max_chrome_script_run_time
1565893120126	Marionette	DEBUG	Resetting recommended pref dom.max_script_run_time
1565893120126	Marionette	DEBUG	Resetting recommended pref extensions.getAddons.cache.enabled
1565893120126	Marionette	DEBUG	Resetting recommended pref extensions.webservice.discoverURL
1565893120126	Marionette	DEBUG	Resetting recommended pref network.http.prompt-temp-redirect
1565893120126	Marionette	DEBUG	Resetting recommended pref network.http.speculative-parallel-limit
1565893120126	Marionette	DEBUG	Resetting recommended pref security.certerrors.mitm.priming.enabled
1565893120126	Marionette	DEBUG	Resetting recommended pref security.fileuri.strict_origin_policy
1565893120126	Marionette	DEBUG	Resetting recommended pref security.notification_enable_delay
1565893120126	Marionette	DEBUG	Resetting recommended pref signon.autofillForms
1565893120126	Marionette	DEBUG	Resetting recommended pref signon.rememberSignons
1565893120126	Marionette	DEBUG	Resetting recommended pref toolkit.cosmeticAnimations.enabled
1565893120127	Marionette	INFO	Stopped listening on port 54665
1565893120127	Marionette	DEBUG	Remote service is inactive
[GPU 12912, Chrome_ChildThread] WARNING: pipe error: 109: file z:/task_1558035249/build/src/ipc/chromium/src/chrome/common/ipc_channel_win.cc, line 341

###!!! [Child][RunMessage] Error: Channel closing: too late to send/recv, messages will be lost


###!!! [Child][MessageChannel::SendAndWait] Error: Channel error: cannot send/recv

